La génération a démarré 23/02/2015 18:44:04.
     1>Projet "C:\Users\Nathan\Documents\Visual Studio 2012\Projects\SDLNet\SDLNet\SDLNet.vcxproj" sur le nœud 2 (Build cible(s)).
     1>ClCompile:
         C:\Program Files (x86)\Microsoft Visual Studio 11.0\VC\bin\CL.exe /c /ZI /nologo /W0 /WX- /Od /Oy- /D _MBCS /Gm /EHsc /RTC1 /MD /GS /fp:precise /Zc:wchar_t /Zc:forScope /Fo"Debug\\" /Fd"Debug\vc110.pdb" /Gd /TP /analyze- /errorReport:prompt ControllerServerPackets.cpp MainScene.cpp
         MainScene.cpp
         ControllerServerPackets.cpp
         Génération de code en cours...
       Link:
         C:\Program Files (x86)\Microsoft Visual Studio 11.0\VC\bin\link.exe /ERRORREPORT:PROMPT /OUT:"C:\Users\Nathan\Documents\Visual Studio 2012\Projects\SDLNet\Debug\SDLNet.exe" /INCREMENTAL /NOLOGO SDL2_net.lib SDL2.lib SDL2main.lib YuNetwork.lib YuEngine.lib opengl32.lib SDL2_image.lib glew32.lib kernel32.lib user32.lib gdi32.lib winspool.lib comdlg32.lib advapi32.lib shell32.lib ole32.lib oleaut32.lib uuid.lib odbc32.lib odbccp32.lib /MANIFEST /MANIFESTUAC:"level='asInvoker' uiAccess='false'" /manifest:embed /DEBUG /PDB:"C:\Users\Nathan\Documents\Visual Studio 2012\Projects\SDLNet\Debug\SDLNet.pdb" /SUBSYSTEM:CONSOLE /TLBID:1 /DYNAMICBASE /NXCOMPAT /IMPLIB:"C:\Users\Nathan\Documents\Visual Studio 2012\Projects\SDLNet\Debug\SDLNet.lib" /MACHINE:X86 Debug\ControllerClientPackets.obj
         Debug\ControllerClientPlayer.obj
         Debug\ControllerServerPackets.obj
         Debug\ControllerServerPlayer.obj
         Debug\ControllerSinglePlayer.obj
         Debug\IControllerPlayer.obj
         Debug\main.obj
         Debug\MainScene.obj
         Debug\MyContainer.obj
         Debug\Object.obj
         Debug\Packets.obj
         Debug\Player.obj
         Debug\PlayersManager.obj
         Debug\Server.obj
         SDLNet.vcxproj -> C:\Users\Nathan\Documents\Visual Studio 2012\Projects\SDLNet\Debug\SDLNet.exe
     1>Génération du projet "C:\Users\Nathan\Documents\Visual Studio 2012\Projects\SDLNet\SDLNet\SDLNet.vcxproj" terminée (Build cible(s)).

La génération a réussi.

Temps écoulé 00:00:02.24
